\BOOKMARK [0][-]{chapter.1}{\376\377\0001\000\040\000C\000l\000a\000s\000s\000\040\000I\000n\000d\000e\000x}{}% 1
\BOOKMARK [1][-]{section.1.1}{\376\377\0001\000.\0001\000\040\000C\000l\000a\000s\000s\000\040\000L\000i\000s\000t}{chapter.1}% 2
\BOOKMARK [0][-]{chapter.2}{\376\377\0002\000\040\000C\000l\000a\000s\000s\000\040\000D\000o\000c\000u\000m\000e\000n\000t\000a\000t\000i\000o\000n}{}% 3
\BOOKMARK [1][-]{section.2.1}{\376\377\0002\000.\0001\000\040\000s\000u\000r\000g\000e\000w\000a\000r\000n\000i\000n\000g\000s\000.\000M\000a\000x\000K\000m\000l\000G\000e\000n\000e\000r\000a\000t\000o\000r\000\040\000C\000l\000a\000s\000s\000\040\000R\000e\000f\000e\000r\000e\000n\000c\000e}{chapter.2}% 4
\BOOKMARK [2][-]{subsection.2.1.1}{\376\377\0002\000.\0001\000.\0001\000\040\000D\000e\000t\000a\000i\000l\000e\000d\000\040\000D\000e\000s\000c\000r\000i\000p\000t\000i\000o\000n}{section.2.1}% 5
\BOOKMARK [2][-]{subsection.2.1.2}{\376\377\0002\000.\0001\000.\0002\000\040\000C\000o\000n\000s\000t\000r\000u\000c\000t\000o\000r\000\040\000\046\000\040\000D\000e\000s\000t\000r\000u\000c\000t\000o\000r\000\040\000D\000o\000c\000u\000m\000e\000n\000t\000a\000t\000i\000o\000n}{section.2.1}% 6
\BOOKMARK [3][-]{subsubsection.2.1.2.1}{\376\377\0002\000.\0001\000.\0002\000.\0001\000\040\000\137\000\137\000i\000n\000i\000t\000\137\000\137}{subsection.2.1.2}% 7
\BOOKMARK [1][-]{section.2.2}{\376\377\0002\000.\0002\000\040\000s\000u\000r\000g\000e\000w\000a\000r\000n\000i\000n\000g\000s\000.\000W\000a\000r\000n\000i\000n\000g\000s\000\040\000C\000l\000a\000s\000s\000\040\000R\000e\000f\000e\000r\000e\000n\000c\000e}{chapter.2}% 8
\BOOKMARK [2][-]{subsection.2.2.1}{\376\377\0002\000.\0002\000.\0001\000\040\000D\000e\000t\000a\000i\000l\000e\000d\000\040\000D\000e\000s\000c\000r\000i\000p\000t\000i\000o\000n}{section.2.2}% 9
\BOOKMARK [2][-]{subsection.2.2.2}{\376\377\0002\000.\0002\000.\0002\000\040\000C\000o\000n\000s\000t\000r\000u\000c\000t\000o\000r\000\040\000\046\000\040\000D\000e\000s\000t\000r\000u\000c\000t\000o\000r\000\040\000D\000o\000c\000u\000m\000e\000n\000t\000a\000t\000i\000o\000n}{section.2.2}% 10
\BOOKMARK [3][-]{subsubsection.2.2.2.1}{\376\377\0002\000.\0002\000.\0002\000.\0001\000\040\000\137\000\137\000i\000n\000i\000t\000\137\000\137}{subsection.2.2.2}% 11
\BOOKMARK [2][-]{subsection.2.2.3}{\376\377\0002\000.\0002\000.\0003\000\040\000M\000e\000m\000b\000e\000r\000\040\000F\000u\000n\000c\000t\000i\000o\000n\000\040\000D\000o\000c\000u\000m\000e\000n\000t\000a\000t\000i\000o\000n}{section.2.2}% 12
\BOOKMARK [3][-]{subsubsection.2.2.3.1}{\376\377\0002\000.\0002\000.\0003\000.\0001\000\040\000c\000r\000e\000a\000t\000e\000N\000e\000i\000g\000h\000b\000o\000r\000F\000i\000l\000e}{subsection.2.2.3}% 13
\BOOKMARK [3][-]{subsubsection.2.2.3.2}{\376\377\0002\000.\0002\000.\0003\000.\0002\000\040\000e\000x\000t\000r\000a\000c\000t\000F\000i\000e\000l\000d\000N\000a\000m\000e\000s}{subsection.2.2.3}% 14
\BOOKMARK [3][-]{subsubsection.2.2.3.3}{\376\377\0002\000.\0002\000.\0003\000.\0003\000\040\000f\000i\000l\000t\000e\000r\000N\000o\000d\000e\000s}{subsection.2.2.3}% 15
\BOOKMARK [3][-]{subsubsection.2.2.3.4}{\376\377\0002\000.\0002\000.\0003\000.\0004\000\040\000f\000i\000n\000d\000C\000a\000n\000d\000i\000d\000a\000t\000e\000P\000o\000i\000n\000t\000s}{subsection.2.2.3}% 16
\BOOKMARK [3][-]{subsubsection.2.2.3.5}{\376\377\0002\000.\0002\000.\0003\000.\0005\000\040\000f\000i\000n\000d\000M\000a\000x\000D\000i\000s\000t}{subsection.2.2.3}% 17
\BOOKMARK [3][-]{subsubsection.2.2.3.6}{\376\377\0002\000.\0002\000.\0003\000.\0006\000\040\000g\000e\000n\000e\000r\000a\000t\000e\000W\000a\000r\000n\000i\000n\000g\000s}{subsection.2.2.3}% 18
\BOOKMARK [3][-]{subsubsection.2.2.3.7}{\376\377\0002\000.\0002\000.\0003\000.\0007\000\040\000g\000e\000t\000B\000a\000r\000a\000n\000g\000a\000y\000O\000f\000E\000a\000r\000l\000i\000e\000s\000t\000S\000u\000r\000g\000e}{subsection.2.2.3}% 19
\BOOKMARK [3][-]{subsubsection.2.2.3.8}{\376\377\0002\000.\0002\000.\0003\000.\0008\000\040\000g\000e\000t\000B\000a\000r\000a\000n\000g\000a\000y\000O\000f\000H\000i\000g\000h\000e\000s\000t\000S\000u\000r\000g\000e}{subsection.2.2.3}% 20
\BOOKMARK [3][-]{subsubsection.2.2.3.9}{\376\377\0002\000.\0002\000.\0003\000.\0009\000\040\000g\000e\000t\000C\000e\000n\000t\000e\000r}{subsection.2.2.3}% 21
\BOOKMARK [3][-]{subsubsection.2.2.3.10}{\376\377\0002\000.\0002\000.\0003\000.\0001\0000\000\040\000g\000e\000t\000E\000a\000r\000l\000i\000e\000s\000t\000S\000u\000r\000g\000e}{subsection.2.2.3}% 22
\BOOKMARK [3][-]{subsubsection.2.2.3.11}{\376\377\0002\000.\0002\000.\0003\000.\0001\0001\000\040\000g\000e\000t\000S\000h\000o\000r\000e\000l\000i\000n\000e}{subsection.2.2.3}% 23
\BOOKMARK [3][-]{subsubsection.2.2.3.12}{\376\377\0002\000.\0002\000.\0003\000.\0001\0002\000\040\000u\000p\000d\000a\000t\000e\000N\000o\000t\000i\000f\000i\000c\000a\000t\000i\000o\000n\000s}{subsection.2.2.3}% 24
\BOOKMARK [3][-]{subsubsection.2.2.3.13}{\376\377\0002\000.\0002\000.\0003\000.\0001\0003\000\040\000u\000p\000d\000a\000t\000e\000S\000h\000o\000r\000e\000l\000i\000n\000e\000W\000a\000r\000n\000i\000n\000g\000s}{subsection.2.2.3}% 25
\BOOKMARK [3][-]{subsubsection.2.2.3.14}{\376\377\0002\000.\0002\000.\0003\000.\0001\0004\000\040\000u\000p\000d\000a\000t\000e\000W\000a\000r\000n\000i\000n\000g\000s}{subsection.2.2.3}% 26
\BOOKMARK [3][-]{subsubsection.2.2.3.15}{\376\377\0002\000.\0002\000.\0003\000.\0001\0005\000\040\000w\000r\000i\000t\000e\000T\000o\000F\000i\000l\000e}{subsection.2.2.3}% 27
\BOOKMARK [0][-]{section*.6}{\376\377\000I\000n\000d\000e\000x}{}% 28
